<?xml version="1.0" encoding="UTF-8"?>
<!-- Generated by org.testng.reporters.JUnitReportReporter -->
<testsuite hostname="DESKTOP-BNJNQH6" failures="0" tests="4" name="tests.Tests" time="30.044" errors="0" timestamp="2021-01-12T23:18:13 CET" skipped="0">
  <testcase classname="tests.Tests" name="pruebaUno" time="7.372"/>
  <system-out/>
  <testcase classname="tests.Tests" name="pruebaDos" time="7.392"/>
  <system-out/>
  <testcase classname="tests.Tests" name="pruebaTres" time="9.100"/>
  <system-out/>
  <testcase classname="tests.Tests" name="pruebaCantidadDeCampos" time="6.180"/>
  <system-out/>
</testsuite> <!-- tests.Tests -->
