<?xml version="1.0" encoding="UTF-8"?>
<!-- Generated by org.testng.reporters.JUnitReportReporter -->
<testsuite hostname="DESKTOP-BNJNQH6" failures="0" tests="4" name="tests.Tests" time="32.751" errors="0" timestamp="2021-01-12T17:52:31 CET" skipped="0">
  <testcase classname="tests.Tests" name="pruebaTres" time="8.738"/>
  <system-out/>
  <testcase classname="tests.Tests" name="pruebaUno" time="10.152"/>
  <system-out/>
  <testcase classname="tests.Tests" name="pruebaCantidadDeCampos" time="6.062"/>
  <system-out/>
  <testcase classname="tests.Tests" name="pruebaDos" time="7.799"/>
  <system-out/>
</testsuite> <!-- tests.Tests -->
